<?xml version="1.0" encoding="UTF-8"?>
<testsuite name="TicTacToeLogicTest" tests="1" skipped="0" failures="0" errors="0" timestamp="2021-12-03T17:15:16" hostname="Cristians-iMac.local" time="0.01">
  <properties/>
  <testcase name="greet()" classname="TicTacToeLogicTest" time="0.01"/>
  <system-out><![CDATA[]]></system-out>
  <system-err><![CDATA[]]></system-err>
</testsuite>
